2024-01-01 06:52:33,257  INFO GempukkuServer:20 - GempukkuServer loading prerequisites...
2024-01-01 06:52:33,384  INFO LotroCardBlueprintLibrary:57 - Locking blueprint library in constructor
2024-01-01 06:52:33,384  INFO LotroCardBlueprintLibrary:60 - Unlocking blueprint library in constructor
2024-01-01 06:52:33,619 DEBUG LotroCardBlueprintLibrary:223 - Loaded JSON card file set0.hjson
2024-01-01 06:52:33,651 DEBUG LotroCardBlueprintLibrary:223 - Loaded JSON card file set1-dwarven.hjson
2024-01-01 06:52:33,673 DEBUG LotroCardBlueprintLibrary:223 - Loaded JSON card file set1-elven.hjson
2024-01-01 06:52:33,687 DEBUG LotroCardBlueprintLibrary:223 - Loaded JSON card file set1-gandalf.hjson
2024-01-01 06:52:33,699 DEBUG LotroCardBlueprintLibrary:223 - Loaded JSON card file set1-gondor.hjson
2024-01-01 06:52:33,713 DEBUG LotroCardBlueprintLibrary:223 - Loaded JSON card file set1-isengard.hjson
2024-01-01 06:52:33,725 DEBUG LotroCardBlueprintLibrary:223 - Loaded JSON card file set1-moria.hjson
2024-01-01 06:52:33,738 DEBUG LotroCardBlueprintLibrary:223 - Loaded JSON card file set1-sauron.hjson
2024-01-01 06:52:33,750 DEBUG LotroCardBlueprintLibrary:223 - Loaded JSON card file set1-shire.hjson
2024-01-01 06:52:33,763 DEBUG LotroCardBlueprintLibrary:223 - Loaded JSON card file set1-wraith.hjson
2024-01-01 06:52:33,773 DEBUG LotroCardBlueprintLibrary:223 - Loaded JSON card file set1.hjson
2024-01-01 06:52:33,784 DEBUG LotroCardBlueprintLibrary:223 - Loaded JSON card file set2-dwarven.hjson
2024-01-01 06:52:33,790 DEBUG LotroCardBlueprintLibrary:223 - Loaded JSON card file set2-elven.hjson
2024-01-01 06:52:33,797 DEBUG LotroCardBlueprintLibrary:223 - Loaded JSON card file set2-gandalf.hjson
2024-01-01 06:52:33,809 DEBUG LotroCardBlueprintLibrary:223 - Loaded JSON card file set2-gondor.hjson
2024-01-01 06:52:33,823 DEBUG LotroCardBlueprintLibrary:223 - Loaded JSON card file set2-isengard.hjson
2024-01-01 06:52:33,836 DEBUG LotroCardBlueprintLibrary:223 - Loaded JSON card file set2-moria.hjson
2024-01-01 06:52:33,864 DEBUG LotroCardBlueprintLibrary:223 - Loaded JSON card file set3-elven.hjson
2024-01-01 06:52:33,904 DEBUG LotroCardBlueprintLibrary:223 - Loaded JSON card file set4-dwarven.hjson
2024-01-01 06:52:33,923 DEBUG LotroCardBlueprintLibrary:223 - Loaded JSON card file set4.hjson
2024-01-01 06:52:33,957 DEBUG LotroCardBlueprintLibrary:223 - Loaded JSON card file set5.hjson
2024-01-01 06:52:33,989 DEBUG LotroCardBlueprintLibrary:223 - Loaded JSON card file set7-gollum-freeps.hjson
2024-01-01 06:52:34,017 DEBUG LotroCardBlueprintLibrary:223 - Loaded JSON card file set08-raider.hjson
2024-01-01 06:52:34,056 DEBUG LotroCardBlueprintLibrary:223 - Loaded JSON card file set9-1.hjson
2024-01-01 06:52:34,075 DEBUG LotroCardBlueprintLibrary:223 - Loaded JSON card file set9-2.hjson
2024-01-01 06:52:34,103 DEBUG LotroCardBlueprintLibrary:223 - Loaded JSON card file set10-gondor.hjson
2024-01-01 06:52:34,116 DEBUG LotroCardBlueprintLibrary:223 - Loaded JSON card file set10.hjson
2024-01-01 06:52:34,144 DEBUG LotroCardBlueprintLibrary:223 - Loaded JSON card file set11-site.hjson
2024-01-01 06:52:34,173 DEBUG LotroCardBlueprintLibrary:223 - Loaded JSON card file set14.hjson
2024-01-01 06:52:34,203 DEBUG LotroCardBlueprintLibrary:223 - Loaded JSON card file set15-orc.hjson
2024-01-01 06:52:34,232 DEBUG LotroCardBlueprintLibrary:223 - Loaded JSON card file set16.hjson
2024-01-01 06:52:34,260 DEBUG LotroCardBlueprintLibrary:223 - Loaded JSON card file set17-gandalf.hjson
2024-01-01 06:52:34,274 DEBUG LotroCardBlueprintLibrary:223 - Loaded JSON card file set17-wraith.hjson
2024-01-01 06:52:34,301 DEBUG LotroCardBlueprintLibrary:223 - Loaded JSON card file set18-wraith.hjson
2024-01-01 06:52:34,341 DEBUG LotroCardBlueprintLibrary:223 - Loaded JSON card file set19.hjson
2024-01-01 06:52:34,406 DEBUG LotroCardBlueprintLibrary:223 - Loaded JSON card file set30-fp.hjson
2024-01-01 06:52:34,423 DEBUG LotroCardBlueprintLibrary:223 - Loaded JSON card file set30-shadow.hjson
2024-01-01 06:52:34,441 DEBUG LotroCardBlueprintLibrary:223 - Loaded JSON card file set30-sites.hjson
2024-01-01 06:52:34,478 DEBUG LotroCardBlueprintLibrary:223 - Loaded JSON card file set31-fp.hjson
2024-01-01 06:52:34,496 DEBUG LotroCardBlueprintLibrary:223 - Loaded JSON card file set31-shadow.hjson
2024-01-01 06:52:34,510 DEBUG LotroCardBlueprintLibrary:223 - Loaded JSON card file set31-sites.hjson
2024-01-01 06:52:34,550 DEBUG LotroCardBlueprintLibrary:223 - Loaded JSON card file set32-fp.hjson
2024-01-01 06:52:34,570 DEBUG LotroCardBlueprintLibrary:223 - Loaded JSON card file set32-shadow.hjson
2024-01-01 06:52:34,587 DEBUG LotroCardBlueprintLibrary:223 - Loaded JSON card file set32-site.hjson
2024-01-01 06:52:34,626 DEBUG LotroCardBlueprintLibrary:223 - Loaded JSON card file set33-fp.hjson
2024-01-01 06:52:34,647 DEBUG LotroCardBlueprintLibrary:223 - Loaded JSON card file set33-shadow.hjson
2024-01-01 06:52:34,664 DEBUG LotroCardBlueprintLibrary:223 - Loaded JSON card file set33-sites.hjson
2024-01-01 06:52:34,729 DEBUG LotroCardBlueprintLibrary:223 - Loaded JSON card file set01-Dwarven-errata.hjson
2024-01-01 06:52:34,748 DEBUG LotroCardBlueprintLibrary:223 - Loaded JSON card file set01-Elven-errata.hjson
2024-01-01 06:52:34,764 DEBUG LotroCardBlueprintLibrary:223 - Loaded JSON card file set01-Gandalf-errata.hjson
2024-01-01 06:52:34,779 DEBUG LotroCardBlueprintLibrary:223 - Loaded JSON card file set01-Gondor-errata.hjson
2024-01-01 06:52:34,793 DEBUG LotroCardBlueprintLibrary:223 - Loaded JSON card file set01-Isengard-errata.hjson
2024-01-01 06:52:34,806 DEBUG LotroCardBlueprintLibrary:223 - Loaded JSON card file set01-Moria-errata.hjson
2024-01-01 06:52:34,820 DEBUG LotroCardBlueprintLibrary:223 - Loaded JSON card file set01-Ringwraith-errata.hjson
2024-01-01 06:52:34,836 DEBUG LotroCardBlueprintLibrary:223 - Loaded JSON card file set01-Sauron-errata.hjson
2024-01-01 06:52:34,851 DEBUG LotroCardBlueprintLibrary:223 - Loaded JSON card file set01-Shire-errata.hjson
2024-01-01 06:52:34,863 DEBUG LotroCardBlueprintLibrary:223 - Loaded JSON card file set01-Sites-errata.hjson
2024-01-01 06:52:34,893 DEBUG LotroCardBlueprintLibrary:223 - Loaded JSON card file set02-Dwarven-errata.hjson
2024-01-01 06:52:34,906 DEBUG LotroCardBlueprintLibrary:223 - Loaded JSON card file set02-Gondor-errata.hjson
2024-01-01 06:52:34,920 DEBUG LotroCardBlueprintLibrary:223 - Loaded JSON card file set02-Isengard-errata.hjson
2024-01-01 06:52:34,934 DEBUG LotroCardBlueprintLibrary:223 - Loaded JSON card file set02-Moria-errata.hjson
2024-01-01 06:52:34,947 DEBUG LotroCardBlueprintLibrary:223 - Loaded JSON card file set02-Ringwraith-errata.hjson
2024-01-01 06:52:34,959 DEBUG LotroCardBlueprintLibrary:223 - Loaded JSON card file set02-Sauron-errata.hjson
2024-01-01 06:52:34,974 DEBUG LotroCardBlueprintLibrary:223 - Loaded JSON card file set02-Shire-errata.hjson
2024-01-01 06:52:35,004 DEBUG LotroCardBlueprintLibrary:223 - Loaded JSON card file set03-Dwarven-errata.hjson
2024-01-01 06:52:35,019 DEBUG LotroCardBlueprintLibrary:223 - Loaded JSON card file set03-Elven-errata.hjson
2024-01-01 06:52:35,032 DEBUG LotroCardBlueprintLibrary:223 - Loaded JSON card file set03-Gondor-errata.hjson
2024-01-01 06:52:35,046 DEBUG LotroCardBlueprintLibrary:223 - Loaded JSON card file set03-Isengard-errata.hjson
2024-01-01 06:52:35,060 DEBUG LotroCardBlueprintLibrary:223 - Loaded JSON card file set03-Moria-errata.hjson
2024-01-01 06:52:35,073 DEBUG LotroCardBlueprintLibrary:223 - Loaded JSON card file set03-Ringwraith-errata.hjson
2024-01-01 06:52:35,088 DEBUG LotroCardBlueprintLibrary:223 - Loaded JSON card file set03-Sauron-errata.hjson
2024-01-01 06:52:35,102 DEBUG LotroCardBlueprintLibrary:223 - Loaded JSON card file set03-Shire-errata.hjson
2024-01-01 06:52:35,114 DEBUG LotroCardBlueprintLibrary:223 - Loaded JSON card file set03-Sites-errata.hjson
2024-01-01 06:52:35,143 DEBUG LotroCardBlueprintLibrary:223 - Loaded JSON card file set04-Dwarven-errata.hjson
2024-01-01 06:52:35,157 DEBUG LotroCardBlueprintLibrary:223 - Loaded JSON card file set04-Elven-errata.hjson
2024-01-01 06:52:35,171 DEBUG LotroCardBlueprintLibrary:223 - Loaded JSON card file set04-Isengard-errata.hjson
2024-01-01 06:52:35,184 DEBUG LotroCardBlueprintLibrary:223 - Loaded JSON card file set04-Rohan-errata.hjson
2024-01-01 06:52:35,197 DEBUG LotroCardBlueprintLibrary:223 - Loaded JSON card file set04-Shire-errata.hjson
2024-01-01 06:52:35,225 DEBUG LotroCardBlueprintLibrary:223 - Loaded JSON card file set05-Dwarven-errata.hjson
2024-01-01 06:52:35,240 DEBUG LotroCardBlueprintLibrary:223 - Loaded JSON card file set05-Isengard-errata.hjson
2024-01-01 06:52:35,269 DEBUG LotroCardBlueprintLibrary:223 - Loaded JSON card file set07-Gandalf-errata.hjson
2024-01-01 06:52:35,282 DEBUG LotroCardBlueprintLibrary:223 - Loaded JSON card file set07-Gondor-errata.hjson
2024-01-01 06:52:35,295 DEBUG LotroCardBlueprintLibrary:223 - Loaded JSON card file set07-Ringwraith-errata.hjson
2024-01-01 06:52:35,308 DEBUG LotroCardBlueprintLibrary:223 - Loaded JSON card file set07-Rohan-errata.hjson
2024-01-01 06:52:35,320 DEBUG LotroCardBlueprintLibrary:223 - Loaded JSON card file set07-Sites-errata.hjson
2024-01-01 06:52:35,348 DEBUG LotroCardBlueprintLibrary:223 - Loaded JSON card file set08-Dwarven-errata.hjson
2024-01-01 06:52:35,360 DEBUG LotroCardBlueprintLibrary:223 - Loaded JSON card file set08-Gollum-errata.hjson
2024-01-01 06:52:35,373 DEBUG LotroCardBlueprintLibrary:223 - Loaded JSON card file set08-Gondor-errata.hjson
2024-01-01 06:52:35,390 DEBUG LotroCardBlueprintLibrary:223 - Loaded JSON card file set08-Raider-errata.hjson
2024-01-01 06:52:35,403 DEBUG LotroCardBlueprintLibrary:223 - Loaded JSON card file set08-Rohan-errata.hjson
2024-01-01 06:52:35,416 DEBUG LotroCardBlueprintLibrary:223 - Loaded JSON card file set08-Sauron-errata.hjson
2024-01-01 06:52:35,446 DEBUG LotroCardBlueprintLibrary:223 - Loaded JSON card file set09-Elven-errata-playtest.hjson
2024-01-01 06:52:35,459 DEBUG LotroCardBlueprintLibrary:223 - Loaded JSON card file set09-Gandalf-errata-playtest.hjson
2024-01-01 06:52:35,489 DEBUG LotroCardBlueprintLibrary:223 - Loaded JSON card file set10-Dwarven-errata.hjson
2024-01-01 06:52:35,503 DEBUG LotroCardBlueprintLibrary:223 - Loaded JSON card file set10-Elven-errata.hjson
2024-01-01 06:52:35,516 DEBUG LotroCardBlueprintLibrary:223 - Loaded JSON card file set10-Gandalf-errata.hjson
2024-01-01 06:52:35,529 DEBUG LotroCardBlueprintLibrary:223 - Loaded JSON card file set10-Raider-errata.hjson
2024-01-01 06:52:35,542 DEBUG LotroCardBlueprintLibrary:223 - Loaded JSON card file set10-Ringwraith-errata.hjson
2024-01-01 06:52:35,557 DEBUG LotroCardBlueprintLibrary:223 - Loaded JSON card file set10-Rohan-errata.hjson
2024-01-01 06:52:35,570 DEBUG LotroCardBlueprintLibrary:223 - Loaded JSON card file set10-Sauron-errata.hjson
2024-01-01 06:52:35,598 DEBUG LotroCardBlueprintLibrary:223 - Loaded JSON card file set11-Gandalf-errata.hjson
2024-01-01 06:52:35,611 DEBUG LotroCardBlueprintLibrary:223 - Loaded JSON card file set11-Men-errata.hjson
2024-01-01 06:52:35,624 DEBUG LotroCardBlueprintLibrary:223 - Loaded JSON card file set11-Orc-errata.hjson
2024-01-01 06:52:35,639 DEBUG LotroCardBlueprintLibrary:223 - Loaded JSON card file set11-Sites-errata.hjson
2024-01-01 06:52:35,669 DEBUG LotroCardBlueprintLibrary:223 - Loaded JSON card file set13-Sites-errata.hjson
2024-01-01 06:52:35,698 DEBUG LotroCardBlueprintLibrary:223 - Loaded JSON card file set15-Elven-errata.hjson
2024-01-01 06:52:35,713 DEBUG LotroCardBlueprintLibrary:223 - Loaded JSON card file set15-Gondor-errata.hjson
2024-01-01 06:52:35,727 DEBUG LotroCardBlueprintLibrary:223 - Loaded JSON card file set15-Orc-errata.hjson
2024-01-01 06:52:35,741 DEBUG LotroCardBlueprintLibrary:223 - Loaded JSON card file set15-Shire-errata.hjson
2024-01-01 06:52:35,778 DEBUG LotroCardBlueprintLibrary:223 - Loaded JSON card file set17-elven-errata.hjson
2024-01-01 06:52:35,791 DEBUG LotroCardBlueprintLibrary:223 - Loaded JSON card file set17-gandalf-errata.hjson
2024-01-01 06:52:35,818 DEBUG LotroCardBlueprintLibrary:223 - Loaded JSON card file set18-Elven-errata.hjson
2024-01-01 06:52:35,831 DEBUG LotroCardBlueprintLibrary:223 - Loaded JSON card file set18-Gandalf-errata.hjson
2024-01-01 06:52:35,843 DEBUG LotroCardBlueprintLibrary:223 - Loaded JSON card file set18-Gollum-errata.hjson
2024-01-01 06:52:35,856 DEBUG LotroCardBlueprintLibrary:223 - Loaded JSON card file set18-Gondor-errata.hjson
2024-01-01 06:52:35,871 DEBUG LotroCardBlueprintLibrary:223 - Loaded JSON card file set18-Orc-errata.hjson
2024-01-01 06:52:35,884 DEBUG LotroCardBlueprintLibrary:223 - Loaded JSON card file set18-Rohan-errata.hjson
2024-01-01 06:52:35,896 DEBUG LotroCardBlueprintLibrary:223 - Loaded JSON card file set18-Shire-errata.hjson
2024-01-01 06:52:35,909 DEBUG LotroCardBlueprintLibrary:223 - Loaded JSON card file set18-Sites-errata.hjson
2024-01-01 06:52:35,922 DEBUG LotroCardBlueprintLibrary:223 - Loaded JSON card file set18-Uruk-errata.hjson
2024-01-01 06:52:35,949 DEBUG LotroCardBlueprintLibrary:223 - Loaded JSON card file set19-errata.hjson
2024-01-01 06:52:35,963 DEBUG LotroCardBlueprintLibrary:223 - Loaded JSON card file set19-Ringwraith-errata.hjson
2024-01-01 06:52:35,991 DEBUG LotroCardBlueprintLibrary:223 - Loaded JSON card file set01-Dwarven-errata-playtest.hjson
2024-01-01 06:52:36,004 DEBUG LotroCardBlueprintLibrary:223 - Loaded JSON card file set01-Gandalf-errata-playtest.hjson
2024-01-01 06:52:36,016 DEBUG LotroCardBlueprintLibrary:223 - Loaded JSON card file set01-Gondor-errata-playtest.hjson
2024-01-01 06:52:36,030 DEBUG LotroCardBlueprintLibrary:223 - Loaded JSON card file set01-Isengard-errata-playtest.hjson
2024-01-01 06:52:36,043 DEBUG LotroCardBlueprintLibrary:223 - Loaded JSON card file set01-Moria-errata-playtest.hjson
2024-01-01 06:52:36,056 DEBUG LotroCardBlueprintLibrary:223 - Loaded JSON card file set02-Elven-errata-playtest.hjson
2024-01-01 06:52:36,069 DEBUG LotroCardBlueprintLibrary:223 - Loaded JSON card file set02-Ringwraith-errata-playtest.hjson
2024-01-01 06:52:36,084 DEBUG LotroCardBlueprintLibrary:223 - Loaded JSON card file set03-Elven-errata-playtest.hjson
2024-01-01 06:52:36,096 DEBUG LotroCardBlueprintLibrary:223 - Loaded JSON card file set03-Gondor-errata-playtest.hjson
2024-01-01 06:52:36,110 DEBUG LotroCardBlueprintLibrary:223 - Loaded JSON card file set03-Isengard-errata-playtest.hjson
2024-01-01 06:52:36,122 DEBUG LotroCardBlueprintLibrary:223 - Loaded JSON card file set03-Moria-errata-playtest.hjson
2024-01-01 06:52:36,135 DEBUG LotroCardBlueprintLibrary:223 - Loaded JSON card file set03-Ringwraith-errata-playtest.hjson
2024-01-01 06:52:36,147 DEBUG LotroCardBlueprintLibrary:223 - Loaded JSON card file set03-Sauron-errata-playtest.hjson
2024-01-01 06:52:36,160 DEBUG LotroCardBlueprintLibrary:223 - Loaded JSON card file set04-Sites-errata-playtest.hjson
2024-01-01 06:52:36,174 DEBUG LotroCardBlueprintLibrary:223 - Loaded JSON card file set06-Elven-errata-playtest.hjson
2024-01-01 06:52:36,187 DEBUG LotroCardBlueprintLibrary:223 - Loaded JSON card file set08-Raider-errata-playtest.hjson
2024-01-01 06:52:36,200 DEBUG LotroCardBlueprintLibrary:223 - Loaded JSON card file set09-Dwarven-errata-playtest.hjson
2024-01-01 06:52:36,213 DEBUG LotroCardBlueprintLibrary:223 - Loaded JSON card file set09-Elven-errata-playtest.hjson
2024-01-01 06:52:36,225 DEBUG LotroCardBlueprintLibrary:223 - Loaded JSON card file set09-Gollum-errata-playtest.hjson
2024-01-01 06:52:36,236 DEBUG LotroCardBlueprintLibrary:223 - Loaded JSON card file set09-Gondor-errata-playtest.hjson
2024-01-01 06:52:36,249 DEBUG LotroCardBlueprintLibrary:223 - Loaded JSON card file set09-Shire-errata-playtest.hjson
2024-01-01 06:52:36,262 DEBUG LotroCardBlueprintLibrary:223 - Loaded JSON card file set10-Elven-errata-playtest.hjson
2024-01-01 06:52:36,274 DEBUG LotroCardBlueprintLibrary:223 - Loaded JSON card file set101-Elven-errata-playtest.hjson
2024-01-01 06:52:36,288 DEBUG LotroCardBlueprintLibrary:223 - Loaded JSON card file set101-Gandalf-errata-playtest.hjson
2024-01-01 06:52:36,301 DEBUG LotroCardBlueprintLibrary:223 - Loaded JSON card file set101-Gondor-errata-playtest.hjson
2024-01-01 06:52:36,314 DEBUG LotroCardBlueprintLibrary:223 - Loaded JSON card file set101-Isengard-errata-playtest.hjson
2024-01-01 06:52:36,328 DEBUG LotroCardBlueprintLibrary:223 - Loaded JSON card file set11-Sites-errata-playtest.hjson
2024-01-01 06:52:36,342 DEBUG LotroCardBlueprintLibrary:223 - Loaded JSON card file set17-Gandalf-errata-playtest.hjson
2024-01-01 06:52:36,367 DEBUG LotroCardBlueprintLibrary:223 - Loaded JSON card file V0-shadows-sites.hjson
2024-01-01 06:52:36,393 DEBUG LotroCardBlueprintLibrary:223 - Loaded JSON card file V1_dwarven.hjson
2024-01-01 06:52:36,407 DEBUG LotroCardBlueprintLibrary:223 - Loaded JSON card file V1_elven.hjson
2024-01-01 06:52:36,419 DEBUG LotroCardBlueprintLibrary:223 - Loaded JSON card file V1_gandalf.hjson
2024-01-01 06:52:36,432 DEBUG LotroCardBlueprintLibrary:223 - Loaded JSON card file V1_gondor.hjson
2024-01-01 06:52:36,446 DEBUG LotroCardBlueprintLibrary:223 - Loaded JSON card file V1_isengard.hjson
2024-01-01 06:52:36,459 DEBUG LotroCardBlueprintLibrary:223 - Loaded JSON card file V1_moria.hjson
2024-01-01 06:52:36,471 DEBUG LotroCardBlueprintLibrary:223 - Loaded JSON card file V1_ringwraith.hjson
2024-01-01 06:52:36,483 DEBUG LotroCardBlueprintLibrary:223 - Loaded JSON card file V1_sauron.hjson
2024-01-01 06:52:36,495 DEBUG LotroCardBlueprintLibrary:223 - Loaded JSON card file V1_shire.hjson
2024-01-01 06:52:36,508 DEBUG LotroCardBlueprintLibrary:223 - Loaded JSON card file V1_sites.hjson
2024-01-01 06:52:36,551 DEBUG LotroCardBlueprintLibrary:223 - Loaded JSON card file set40-dwarven.hjson
2024-01-01 06:52:36,567 DEBUG LotroCardBlueprintLibrary:223 - Loaded JSON card file set40-elven.hjson
2024-01-01 06:52:36,583 DEBUG LotroCardBlueprintLibrary:223 - Loaded JSON card file set40-gandalf.hjson
2024-01-01 06:52:36,595 DEBUG LotroCardBlueprintLibrary:223 - Loaded JSON card file set40-gondor.hjson
2024-01-01 06:52:36,608 DEBUG LotroCardBlueprintLibrary:223 - Loaded JSON card file set40-isengard.hjson
2024-01-01 06:52:36,623 DEBUG LotroCardBlueprintLibrary:223 - Loaded JSON card file set40-moria.hjson
2024-01-01 06:52:36,637 DEBUG LotroCardBlueprintLibrary:223 - Loaded JSON card file set40-sauron.hjson
2024-01-01 06:52:36,651 DEBUG LotroCardBlueprintLibrary:223 - Loaded JSON card file set40-shire.hjson
2024-01-01 06:52:36,667 DEBUG LotroCardBlueprintLibrary:223 - Loaded JSON card file set40-wraith.hjson
2024-01-01 06:52:36,682 DEBUG LotroCardBlueprintLibrary:223 - Loaded JSON card file set40.hjson
2024-01-01 06:52:36,682 DEBUG LotroCardBlueprintLibrary:231 - Loading Java cards for set 2
2024-01-01 06:52:36,730 DEBUG LotroCardBlueprintLibrary:231 - Loading Java cards for set 3
2024-01-01 06:52:36,800 DEBUG LotroCardBlueprintLibrary:231 - Loading Java cards for set 4
2024-01-01 06:52:36,994 DEBUG LotroCardBlueprintLibrary:231 - Loading Java cards for set 5
2024-01-01 06:52:37,064 DEBUG LotroCardBlueprintLibrary:231 - Loading Java cards for set 6
2024-01-01 06:52:37,129 DEBUG LotroCardBlueprintLibrary:231 - Loading Java cards for set 7
2024-01-01 06:52:37,310 DEBUG LotroCardBlueprintLibrary:231 - Loading Java cards for set 8
2024-01-01 06:52:37,373 DEBUG LotroCardBlueprintLibrary:231 - Loading Java cards for set 10
2024-01-01 06:52:37,434 DEBUG LotroCardBlueprintLibrary:231 - Loading Java cards for set 11
2024-01-01 06:52:37,568 DEBUG LotroCardBlueprintLibrary:231 - Loading Java cards for set 12
2024-01-01 06:52:37,663 DEBUG LotroCardBlueprintLibrary:231 - Loading Java cards for set 13
2024-01-01 06:52:37,763 DEBUG LotroCardBlueprintLibrary:231 - Loading Java cards for set 15
2024-01-01 06:52:37,872 DEBUG LotroCardBlueprintLibrary:231 - Loading Java cards for set 17
2024-01-01 06:52:37,945 DEBUG LotroCardBlueprintLibrary:231 - Loading Java cards for set 18
2024-01-01 06:52:38,587  INFO GempukkuServer:23 - GempukkuServer loading DAOs...
2024-01-01 06:52:38,649  INFO GempukkuServer:25 - GempukkuServer loading services...
2024-01-01 06:52:38,835 DEBUG SoloDraftDefinitions:90 - Loaded draft definition: /etc/gemp-lotr/gemp-lotr-cards/src/main/resources/draft/fellowshipDraft.json
2024-01-01 06:52:38,867 DEBUG SoloDraftDefinitions:90 - Loaded draft definition: /etc/gemp-lotr/gemp-lotr-cards/src/main/resources/draft/hobbitDraft.json
2024-01-01 06:52:38,877 DEBUG SoloDraftDefinitions:90 - Loaded draft definition: /etc/gemp-lotr/gemp-lotr-cards/src/main/resources/draft/hobbitRandomDraft.json
2024-01-01 06:52:38,897 DEBUG SoloDraftDefinitions:90 - Loaded draft definition: /etc/gemp-lotr/gemp-lotr-cards/src/main/resources/draft/testDraft.json
2024-01-01 06:52:38,944 DEBUG SoloDraftDefinitions:90 - Loaded draft definition: /etc/gemp-lotr/gemp-lotr-cards/src/main/resources/draft/twoTowersDraft.json
2024-01-01 06:52:38,970 TRACE Game Hall:103 - System: Welcome to room: Game Hall
2024-01-01 06:52:38,978  INFO GempukkuServer:27 - GempukkuServer starting servers...
2024-01-01 06:52:38,978 DEBUG ServerCleaner:15 - Adding server: class com.gempukku.lotro.hall.HallServer
2024-01-01 06:52:38,980 DEBUG AbstractServer:18 - Started: HallServer
2024-01-01 06:52:39,286 DEBUG LoggingProxy:34 - TournamentDAO::getUnstartedScheduledTournamentQueues(...) 304ms
2024-01-01 06:52:39,300 DEBUG ServerCleaner:15 - Adding server: class com.gempukku.lotro.game.LotroServer
2024-01-01 06:52:39,300 DEBUG AbstractServer:18 - Started: LotroServer
2024-01-01 06:52:39,300 DEBUG ServerCleaner:15 - Adding server: class com.gempukku.lotro.chat.ChatServer
2024-01-01 06:52:39,301 DEBUG AbstractServer:18 - Started: ChatServer
2024-01-01 06:52:39,301  INFO GempukkuServer:29 - GempukkuServer startup complete.
2024-01-01 06:58:04,300 DEBUG GempukkuHttpRequestHandler:99 - HTTP 401 response for 172.28.1.12: /gemp-lotr-server/login
